<?xml version="1.0" encoding="UTF-8"?>
<testng-results skipped="0" failed="0" total="1" passed="1">
  <reporter-output>
  </reporter-output>
  <suite name="Default suite" duration-ms="56" started-at="2017-08-01T10:47:00Z" finished-at="2017-08-01T10:47:00Z">
    <groups>
    </groups>
    <test name="Default test" duration-ms="56" started-at="2017-08-01T10:47:00Z" finished-at="2017-08-01T10:47:00Z">
      <class name="com.quickpro.AppTest">
        <test-method status="PASS" signature="firsttest()[pri:0, instance:com.quickpro.AppTest@48eff760]" name="firsttest" duration-ms="14" started-at="2017-08-01T16:17:00Z" finished-at="2017-08-01T16:17:00Z">
          <reporter-output>
          </reporter-output>
        </test-method> <!-- firsttest -->
      </class> <!-- com.quickpro.AppTest -->
    </test> <!-- Default test -->
  </suite> <!-- Default suite -->
</testng-results>
